TpTrace Verbose: 0 : 18896, 1, 2022/04/13, 09:18:34.443, 758476288078, vstest.console.dll, Version: 17.1.0-release-20220113-05
TpTrace Information: 0 : 18896, 1, 2022/04/13, 09:18:34.455, 758476385872, vstest.console.dll, FilePatternParser: The given file C:\projetos dotnet core 6\ApiJwtBlogDotnetCore6\ApiCore.Tests\bin\Debug\net6.0\fine-code-coverage\build-output\ApiCore.Tests.dll is a full path.
TpTrace Verbose: 0 : 18896, 1, 2022/04/13, 09:18:34.461, 758476444669, vstest.console.dll, TestPluginCache.DiscoverTestExtensions: finding test extensions in assemblies ends with: RuntimeProvider.dll TPluginInfo: Microsoft.VisualStudio.TestPlatform.Common.ExtensionFramework.Utilities.TestRuntimePluginInformation TExtension: Microsoft.VisualStudio.TestPlatform.ObjectModel.Host.ITestRuntimeProvider
TpTrace Verbose: 0 : 18896, 1, 2022/04/13, 09:18:34.461, 758476450179, vstest.console.dll, TestPluginCache.GetExtensionPaths: Filtered extension paths: 
TpTrace Verbose: 0 : 18896, 1, 2022/04/13, 09:18:34.461, 758476451176, vstest.console.dll, TestPluginCache.GetExtensionPaths: Added default extension paths: C:\Program Files\dotnet\sdk\6.0.201\Extensions\DumpMinitool.exe
C:\Program Files\dotnet\sdk\6.0.201\Extensions\DumpMinitool.x86.exe
C:\Program Files\dotnet\sdk\6.0.201\Extensions\Microsoft.Diagnostics.NETCore.Client.dll
C:\Program Files\dotnet\sdk\6.0.201\Extensions\Microsoft.TestPlatform.Extensions.BlameDataCollector.dll
C:\Program Files\dotnet\sdk\6.0.201\Extensions\Microsoft.TestPlatform.Extensions.EventLogCollector.dll
C:\Program Files\dotnet\sdk\6.0.201\Extensions\Microsoft.TestPlatform.TestHostRuntimeProvider.dll
C:\Program Files\dotnet\sdk\6.0.201\Extensions\Microsoft.VisualStudio.TestPlatform.Extensions.Html.TestLogger.dll
C:\Program Files\dotnet\sdk\6.0.201\Extensions\Microsoft.VisualStudio.TestPlatform.Extensions.Trx.TestLogger.dll
TpTrace Verbose: 0 : 18896, 1, 2022/04/13, 09:18:34.461, 758476451564, vstest.console.dll, TestPluginCache.GetExtensionPaths: Added unfilterableExtensionPaths: 
TpTrace Information: 0 : 18896, 1, 2022/04/13, 09:18:34.462, 758476458704, vstest.console.dll, AssemblyResolver.ctor: Creating AssemblyResolver with searchDirectories C:\Program Files\dotnet\sdk\6.0.201\Extensions,C:\Program Files\dotnet\sdk\6.0.201
TpTrace Verbose: 0 : 18896, 1, 2022/04/13, 09:18:34.463, 758476470442, vstest.console.dll, TestPluginCache.DiscoverTestExtensions: Discovering the extensions using extension path.
TpTrace Verbose: 0 : 18896, 1, 2022/04/13, 09:18:34.463, 758476472230, vstest.console.dll, TestPluginCache.GetExtensionPaths: Filtered extension paths: 
TpTrace Verbose: 0 : 18896, 1, 2022/04/13, 09:18:34.463, 758476472717, vstest.console.dll, TestPluginCache.GetExtensionPaths: Added default extension paths: C:\Program Files\dotnet\sdk\6.0.201\Extensions\DumpMinitool.exe
C:\Program Files\dotnet\sdk\6.0.201\Extensions\DumpMinitool.x86.exe
C:\Program Files\dotnet\sdk\6.0.201\Extensions\Microsoft.Diagnostics.NETCore.Client.dll
C:\Program Files\dotnet\sdk\6.0.201\Extensions\Microsoft.TestPlatform.Extensions.BlameDataCollector.dll
C:\Program Files\dotnet\sdk\6.0.201\Extensions\Microsoft.TestPlatform.Extensions.EventLogCollector.dll
C:\Program Files\dotnet\sdk\6.0.201\Extensions\Microsoft.TestPlatform.TestHostRuntimeProvider.dll
C:\Program Files\dotnet\sdk\6.0.201\Extensions\Microsoft.VisualStudio.TestPlatform.Extensions.Html.TestLogger.dll
C:\Program Files\dotnet\sdk\6.0.201\Extensions\Microsoft.VisualStudio.TestPlatform.Extensions.Trx.TestLogger.dll
TpTrace Verbose: 0 : 18896, 1, 2022/04/13, 09:18:34.463, 758476473004, vstest.console.dll, TestPluginCache.GetExtensionPaths: Added unfilterableExtensionPaths: 
TpTrace Verbose: 0 : 18896, 1, 2022/04/13, 09:18:34.464, 758476473578, vstest.console.dll, TestPluginCache.DiscoverTestExtensions: Discovering the extensions using allExtensionPaths: C:\Program Files\dotnet\sdk\6.0.201\Extensions\DumpMinitool.exe
C:\Program Files\dotnet\sdk\6.0.201\Extensions\DumpMinitool.x86.exe
C:\Program Files\dotnet\sdk\6.0.201\Extensions\Microsoft.Diagnostics.NETCore.Client.dll
C:\Program Files\dotnet\sdk\6.0.201\Extensions\Microsoft.TestPlatform.Extensions.BlameDataCollector.dll
C:\Program Files\dotnet\sdk\6.0.201\Extensions\Microsoft.TestPlatform.Extensions.EventLogCollector.dll
C:\Program Files\dotnet\sdk\6.0.201\Extensions\Microsoft.TestPlatform.TestHostRuntimeProvider.dll
C:\Program Files\dotnet\sdk\6.0.201\Extensions\Microsoft.VisualStudio.TestPlatform.Extensions.Html.TestLogger.dll
C:\Program Files\dotnet\sdk\6.0.201\Extensions\Microsoft.VisualStudio.TestPlatform.Extensions.Trx.TestLogger.dll
TpTrace Information: 0 : 18896, 1, 2022/04/13, 09:18:34.464, 758476475069, vstest.console.dll, AssemblyResolver.AddSearchDirectories: Adding more searchDirectories C:\Program Files\dotnet\sdk\6.0.201\Extensions,C:\Program Files\dotnet\sdk\6.0.201
TpTrace Information: 0 : 18896, 1, 2022/04/13, 09:18:34.464, 758476475658, vstest.console.dll, AssemblyResolver.AddSearchDirectories: Adding more searchDirectories C:\Program Files\dotnet\sdk\6.0.201\Extensions,C:\Program Files\dotnet\sdk\6.0.201
TpTrace Information: 0 : 18896, 1, 2022/04/13, 09:18:34.464, 758476475932, vstest.console.dll, AssemblyResolver.AddSearchDirectories: Adding more searchDirectories C:\Program Files\dotnet\sdk\6.0.201\Extensions,C:\Program Files\dotnet\sdk\6.0.201
TpTrace Information: 0 : 18896, 1, 2022/04/13, 09:18:34.464, 758476476200, vstest.console.dll, AssemblyResolver.AddSearchDirectories: Adding more searchDirectories C:\Program Files\dotnet\sdk\6.0.201\Extensions,C:\Program Files\dotnet\sdk\6.0.201
TpTrace Information: 0 : 18896, 1, 2022/04/13, 09:18:34.464, 758476476431, vstest.console.dll, AssemblyResolver.AddSearchDirectories: Adding more searchDirectories C:\Program Files\dotnet\sdk\6.0.201\Extensions,C:\Program Files\dotnet\sdk\6.0.201
TpTrace Information: 0 : 18896, 1, 2022/04/13, 09:18:34.464, 758476476655, vstest.console.dll, AssemblyResolver.AddSearchDirectories: Adding more searchDirectories C:\Program Files\dotnet\sdk\6.0.201\Extensions,C:\Program Files\dotnet\sdk\6.0.201
TpTrace Information: 0 : 18896, 1, 2022/04/13, 09:18:34.464, 758476476907, vstest.console.dll, AssemblyResolver.AddSearchDirectories: Adding more searchDirectories C:\Program Files\dotnet\sdk\6.0.201\Extensions,C:\Program Files\dotnet\sdk\6.0.201
TpTrace Information: 0 : 18896, 1, 2022/04/13, 09:18:34.464, 758476477137, vstest.console.dll, AssemblyResolver.AddSearchDirectories: Adding more searchDirectories C:\Program Files\dotnet\sdk\6.0.201\Extensions,C:\Program Files\dotnet\sdk\6.0.201
TpTrace Information: 0 : 18896, 1, 2022/04/13, 09:18:34.464, 758476479964, vstest.console.dll, AssemblyResolver.OnResolve: DumpMinitool: Resolving assembly.
TpTrace Information: 0 : 18896, 1, 2022/04/13, 09:18:34.464, 758476480563, vstest.console.dll, AssemblyResolver.OnResolve: DumpMinitool: Searching in: 'C:\Program Files\dotnet\sdk\6.0.201\Extensions'.
TpTrace Information: 0 : 18896, 1, 2022/04/13, 09:18:34.464, 758476481475, vstest.console.dll, AssemblyResolver.OnResolve: DumpMinitool: Assembly path does not exist: 'C:\Program Files\dotnet\sdk\6.0.201\Extensions\DumpMinitool.dll', returning.
TpTrace Information: 0 : 18896, 1, 2022/04/13, 09:18:34.465, 758476487522, vstest.console.dll, AssemblyResolver.OnResolve: DumpMinitool: Loading assembly 'C:\Program Files\dotnet\sdk\6.0.201\Extensions\DumpMinitool.exe'.
TpTrace Information: 0 : 18896, 1, 2022/04/13, 09:18:34.466, 758476501856, vstest.console.dll, AssemblyResolver.OnResolve: Resolved assembly: DumpMinitool, from path: C:\Program Files\dotnet\sdk\6.0.201\Extensions\DumpMinitool.exe
TpTrace Information: 0 : 18896, 1, 2022/04/13, 09:18:34.471, 758476552337, vstest.console.dll, AssemblyResolver.OnResolve: DumpMinitool.x86: Resolving assembly.
TpTrace Information: 0 : 18896, 1, 2022/04/13, 09:18:34.471, 758476553146, vstest.console.dll, AssemblyResolver.OnResolve: DumpMinitool.x86: Searching in: 'C:\Program Files\dotnet\sdk\6.0.201\Extensions'.
TpTrace Information: 0 : 18896, 1, 2022/04/13, 09:18:34.472, 758476553769, vstest.console.dll, AssemblyResolver.OnResolve: DumpMinitool.x86: Assembly path does not exist: 'C:\Program Files\dotnet\sdk\6.0.201\Extensions\DumpMinitool.x86.dll', returning.
TpTrace Information: 0 : 18896, 1, 2022/04/13, 09:18:34.472, 758476559234, vstest.console.dll, AssemblyResolver.OnResolve: DumpMinitool.x86: Loading assembly 'C:\Program Files\dotnet\sdk\6.0.201\Extensions\DumpMinitool.x86.exe'.
TpTrace Information: 0 : 18896, 1, 2022/04/13, 09:18:34.473, 758476570227, vstest.console.dll, AssemblyResolver.OnResolve: Resolved assembly: DumpMinitool.x86, from path: C:\Program Files\dotnet\sdk\6.0.201\Extensions\DumpMinitool.x86.exe
TpTrace Information: 0 : 18896, 1, 2022/04/13, 09:18:34.473, 758476573013, vstest.console.dll, AssemblyResolver.OnResolve: Microsoft.Diagnostics.NETCore.Client: Resolving assembly.
TpTrace Information: 0 : 18896, 1, 2022/04/13, 09:18:34.474, 758476573466, vstest.console.dll, AssemblyResolver.OnResolve: Microsoft.Diagnostics.NETCore.Client: Searching in: 'C:\Program Files\dotnet\sdk\6.0.201\Extensions'.
TpTrace Information: 0 : 18896, 1, 2022/04/13, 09:18:34.474, 758476577660, vstest.console.dll, AssemblyResolver.OnResolve: Microsoft.Diagnostics.NETCore.Client: Loading assembly 'C:\Program Files\dotnet\sdk\6.0.201\Extensions\Microsoft.Diagnostics.NETCore.Client.dll'.
TpTrace Information: 0 : 18896, 1, 2022/04/13, 09:18:34.475, 758476588617, vstest.console.dll, AssemblyResolver.OnResolve: Resolved assembly: Microsoft.Diagnostics.NETCore.Client, from path: C:\Program Files\dotnet\sdk\6.0.201\Extensions\Microsoft.Diagnostics.NETCore.Client.dll
TpTrace Information: 0 : 18896, 1, 2022/04/13, 09:18:34.478, 758476614311, vstest.console.dll, AssemblyResolver.OnResolve: Microsoft.Bcl.AsyncInterfaces: Resolving assembly.
TpTrace Information: 0 : 18896, 1, 2022/04/13, 09:18:34.478, 758476615613, vstest.console.dll, AssemblyResolver.OnResolve: Microsoft.Bcl.AsyncInterfaces: Searching in: 'C:\Program Files\dotnet\sdk\6.0.201\Extensions'.
TpTrace Information: 0 : 18896, 1, 2022/04/13, 09:18:34.478, 758476616252, vstest.console.dll, AssemblyResolver.OnResolve: Microsoft.Bcl.AsyncInterfaces: Assembly path does not exist: 'C:\Program Files\dotnet\sdk\6.0.201\Extensions\Microsoft.Bcl.AsyncInterfaces.dll', returning.
TpTrace Information: 0 : 18896, 1, 2022/04/13, 09:18:34.478, 758476616717, vstest.console.dll, AssemblyResolver.OnResolve: Microsoft.Bcl.AsyncInterfaces: Assembly path does not exist: 'C:\Program Files\dotnet\sdk\6.0.201\Extensions\Microsoft.Bcl.AsyncInterfaces.exe', returning.
TpTrace Information: 0 : 18896, 1, 2022/04/13, 09:18:34.478, 758476616962, vstest.console.dll, AssemblyResolver.OnResolve: Microsoft.Bcl.AsyncInterfaces: Searching in: 'C:\Program Files\dotnet\sdk\6.0.201'.
TpTrace Information: 0 : 18896, 1, 2022/04/13, 09:18:34.478, 758476617436, vstest.console.dll, AssemblyResolver.OnResolve: Microsoft.Bcl.AsyncInterfaces: Assembly path does not exist: 'C:\Program Files\dotnet\sdk\6.0.201\Microsoft.Bcl.AsyncInterfaces.dll', returning.
TpTrace Information: 0 : 18896, 1, 2022/04/13, 09:18:34.478, 758476617874, vstest.console.dll, AssemblyResolver.OnResolve: Microsoft.Bcl.AsyncInterfaces: Assembly path does not exist: 'C:\Program Files\dotnet\sdk\6.0.201\Microsoft.Bcl.AsyncInterfaces.exe', returning.
TpTrace Information: 0 : 18896, 1, 2022/04/13, 09:18:34.478, 758476618118, vstest.console.dll, AssemblyResolver.OnResolve: Microsoft.Bcl.AsyncInterfaces: Failed to load assembly.
TpTrace Verbose: 0 : 18896, 1, 2022/04/13, 09:18:34.478, 758476618453, vstest.console.dll, CurrentDomainAssemblyResolve: Resolving assembly 'Microsoft.Bcl.AsyncInterfaces'.
TpTrace Information: 0 : 18896, 1, 2022/04/13, 09:18:34.478, 758476618927, vstest.console.dll, AssemblyResolver.OnResolve: Microsoft.Bcl.AsyncInterfaces: Resolving assembly.
TpTrace Information: 0 : 18896, 1, 2022/04/13, 09:18:34.478, 758476619310, vstest.console.dll, AssemblyResolver.OnResolve: Microsoft.Bcl.AsyncInterfaces: Resolved from cache.
TpTrace Verbose: 0 : 18896, 1, 2022/04/13, 09:18:34.478, 758476619552, vstest.console.dll, CurrentDomainAssemblyResolve: Resolving assembly 'Microsoft.Bcl.AsyncInterfaces'.
TpTrace Verbose: 0 : 18896, 1, 2022/04/13, 09:18:34.478, 758476619885, vstest.console.dll, CurrentDomainAssemblyResolve: Failed to resolve assembly 'Microsoft.Bcl.AsyncInterfaces'.
TpTrace Verbose: 0 : 18896, 1, 2022/04/13, 09:18:34.479, 758476624296, vstest.console.dll, CurrentDomainAssemblyResolve: Failed to resolve assembly 'Microsoft.Bcl.AsyncInterfaces'.
TpTrace Warning: 0 : 18896, 1, 2022/04/13, 09:18:34.494, 758476783184, vstest.console.dll, TestPluginDiscoverer: Failed to get types from assembly 'Microsoft.Diagnostics.NETCore.Client, Version=0.2.5.801, Culture=neutral, PublicKeyToken=31bf3856ad364e35'.  Skipping test extension scan for this assembly.  Error: System.Reflection.ReflectionTypeLoadException: Unable to load one or more of the requested types.
Could not load file or assembly 'Microsoft.Bcl.AsyncInterfaces, Version=1.0.0.0, Culture=neutral, PublicKeyToken=cc7b13ffcd2ddd51'. O sistema não pode encontrar o arquivo especificado.
   at System.Reflection.RuntimeModule.GetTypes(RuntimeModule module)
   at System.Reflection.Assembly.GetTypes()
   at Microsoft.VisualStudio.TestPlatform.Common.ExtensionFramework.TestPluginDiscoverer.GetTestExtensionsFromAssembly[TPluginInfo,TExtension](Assembly assembly, Dictionary`2 pluginInfos)
System.IO.FileNotFoundException: Could not load file or assembly 'Microsoft.Bcl.AsyncInterfaces, Version=1.0.0.0, Culture=neutral, PublicKeyToken=cc7b13ffcd2ddd51'. O sistema não pode encontrar o arquivo especificado.
File name: 'Microsoft.Bcl.AsyncInterfaces, Version=1.0.0.0, Culture=neutral, PublicKeyToken=cc7b13ffcd2ddd51'
 ---> System.IO.FileNotFoundException: Could not load file or assembly 'Microsoft.Bcl.AsyncInterfaces, Culture=neutral, PublicKeyToken=null'. O sistema não pode encontrar o arquivo especificado.
File name: 'Microsoft.Bcl.AsyncInterfaces, Culture=neutral, PublicKeyToken=null'
   at System.Reflection.RuntimeAssembly.InternalLoad(ObjectHandleOnStack assemblyName, ObjectHandleOnStack requestingAssembly, StackCrawlMarkHandle stackMark, Boolean throwOnFileNotFound, ObjectHandleOnStack assemblyLoadContext, ObjectHandleOnStack retAssembly)
   at System.Reflection.RuntimeAssembly.InternalLoad(AssemblyName assemblyName, RuntimeAssembly requestingAssembly, StackCrawlMark& stackMark, Boolean throwOnFileNotFound, AssemblyLoadContext assemblyLoadContext)
   at System.Reflection.Assembly.Load(AssemblyName assemblyRef)
   at Microsoft.VisualStudio.TestPlatform.Common.ExtensionFramework.TestPluginCache.CurrentDomainAssemblyResolve(Object sender, AssemblyResolveEventArgs args)
   at Microsoft.VisualStudio.TestPlatform.PlatformAbstractions.PlatformAssemblyResolver.AssemblyResolverEvent(Object sender, Object eventArgs)
   at System.Runtime.Loader.AssemblyLoadContext.GetFirstResolvedAssemblyFromResolvingEvent(AssemblyName assemblyName)
   at System.Runtime.Loader.AssemblyLoadContext.ResolveUsingEvent(AssemblyName assemblyName)
   at System.Runtime.Loader.AssemblyLoadContext.ResolveUsingResolvingEvent(IntPtr gchManagedAssemblyLoadContext, AssemblyName assemblyName)
TpTrace Warning: 0 : 18896, 1, 2022/04/13, 09:18:34.495, 758476784807, vstest.console.dll, LoaderExceptions: System.IO.FileNotFoundException: Could not load file or assembly 'Microsoft.Bcl.AsyncInterfaces, Version=1.0.0.0, Culture=neutral, PublicKeyToken=cc7b13ffcd2ddd51'. O sistema não pode encontrar o arquivo especificado.
File name: 'Microsoft.Bcl.AsyncInterfaces, Version=1.0.0.0, Culture=neutral, PublicKeyToken=cc7b13ffcd2ddd51'
 ---> System.IO.FileNotFoundException: Could not load file or assembly 'Microsoft.Bcl.AsyncInterfaces, Culture=neutral, PublicKeyToken=null'. O sistema não pode encontrar o arquivo especificado.
File name: 'Microsoft.Bcl.AsyncInterfaces, Culture=neutral, PublicKeyToken=null'
   at System.Reflection.RuntimeAssembly.InternalLoad(ObjectHandleOnStack assemblyName, ObjectHandleOnStack requestingAssembly, StackCrawlMarkHandle stackMark, Boolean throwOnFileNotFound, ObjectHandleOnStack assemblyLoadContext, ObjectHandleOnStack retAssembly)
   at System.Reflection.RuntimeAssembly.InternalLoad(AssemblyName assemblyName, RuntimeAssembly requestingAssembly, StackCrawlMark& stackMark, Boolean throwOnFileNotFound, AssemblyLoadContext assemblyLoadContext)
   at System.Reflection.Assembly.Load(AssemblyName assemblyRef)
   at Microsoft.VisualStudio.TestPlatform.Common.ExtensionFramework.TestPluginCache.CurrentDomainAssemblyResolve(Object sender, AssemblyResolveEventArgs args)
   at Microsoft.VisualStudio.TestPlatform.PlatformAbstractions.PlatformAssemblyResolver.AssemblyResolverEvent(Object sender, Object eventArgs)
   at System.Runtime.Loader.AssemblyLoadContext.GetFirstResolvedAssemblyFromResolvingEvent(AssemblyName assemblyName)
   at System.Runtime.Loader.AssemblyLoadContext.ResolveUsingEvent(AssemblyName assemblyName)
   at System.Runtime.Loader.AssemblyLoadContext.ResolveUsingResolvingEvent(IntPtr gchManagedAssemblyLoadContext, AssemblyName assemblyName)
TpTrace Information: 0 : 18896, 1, 2022/04/13, 09:18:34.495, 758476785958, vstest.console.dll, AssemblyResolver.OnResolve: Microsoft.TestPlatform.Extensions.BlameDataCollector: Resolving assembly.
TpTrace Information: 0 : 18896, 1, 2022/04/13, 09:18:34.495, 758476786299, vstest.console.dll, AssemblyResolver.OnResolve: Microsoft.TestPlatform.Extensions.BlameDataCollector: Searching in: 'C:\Program Files\dotnet\sdk\6.0.201\Extensions'.
TpTrace Information: 0 : 18896, 1, 2022/04/13, 09:18:34.495, 758476791655, vstest.console.dll, AssemblyResolver.OnResolve: Microsoft.TestPlatform.Extensions.BlameDataCollector: Loading assembly 'C:\Program Files\dotnet\sdk\6.0.201\Extensions\Microsoft.TestPlatform.Extensions.BlameDataCollector.dll'.
TpTrace Information: 0 : 18896, 1, 2022/04/13, 09:18:34.497, 758476806337, vstest.console.dll, AssemblyResolver.OnResolve: Resolved assembly: Microsoft.TestPlatform.Extensions.BlameDataCollector, from path: C:\Program Files\dotnet\sdk\6.0.201\Extensions\Microsoft.TestPlatform.Extensions.BlameDataCollector.dll
TpTrace Information: 0 : 18896, 1, 2022/04/13, 09:18:34.498, 758476816097, vstest.console.dll, AssemblyResolver.OnResolve: Microsoft.TestPlatform.Extensions.EventLogCollector: Resolving assembly.
TpTrace Information: 0 : 18896, 1, 2022/04/13, 09:18:34.498, 758476816899, vstest.console.dll, AssemblyResolver.OnResolve: Microsoft.TestPlatform.Extensions.EventLogCollector: Searching in: 'C:\Program Files\dotnet\sdk\6.0.201\Extensions'.
TpTrace Information: 0 : 18896, 1, 2022/04/13, 09:18:34.499, 758476823648, vstest.console.dll, AssemblyResolver.OnResolve: Microsoft.TestPlatform.Extensions.EventLogCollector: Loading assembly 'C:\Program Files\dotnet\sdk\6.0.201\Extensions\Microsoft.TestPlatform.Extensions.EventLogCollector.dll'.
TpTrace Information: 0 : 18896, 1, 2022/04/13, 09:18:34.500, 758476838066, vstest.console.dll, AssemblyResolver.OnResolve: Resolved assembly: Microsoft.TestPlatform.Extensions.EventLogCollector, from path: C:\Program Files\dotnet\sdk\6.0.201\Extensions\Microsoft.TestPlatform.Extensions.EventLogCollector.dll
TpTrace Information: 0 : 18896, 1, 2022/04/13, 09:18:34.501, 758476850174, vstest.console.dll, AssemblyResolver.OnResolve: Microsoft.TestPlatform.TestHostRuntimeProvider: Resolving assembly.
TpTrace Information: 0 : 18896, 1, 2022/04/13, 09:18:34.501, 758476850930, vstest.console.dll, AssemblyResolver.OnResolve: Microsoft.TestPlatform.TestHostRuntimeProvider: Searching in: 'C:\Program Files\dotnet\sdk\6.0.201\Extensions'.
TpTrace Information: 0 : 18896, 1, 2022/04/13, 09:18:34.502, 758476856021, vstest.console.dll, AssemblyResolver.OnResolve: Microsoft.TestPlatform.TestHostRuntimeProvider: Loading assembly 'C:\Program Files\dotnet\sdk\6.0.201\Extensions\Microsoft.TestPlatform.TestHostRuntimeProvider.dll'.
TpTrace Information: 0 : 18896, 1, 2022/04/13, 09:18:34.503, 758476867352, vstest.console.dll, AssemblyResolver.OnResolve: Resolved assembly: Microsoft.TestPlatform.TestHostRuntimeProvider, from path: C:\Program Files\dotnet\sdk\6.0.201\Extensions\Microsoft.TestPlatform.TestHostRuntimeProvider.dll
TpTrace Information: 0 : 18896, 1, 2022/04/13, 09:18:34.504, 758476877219, vstest.console.dll, AssemblyResolver.OnResolve: Microsoft.VisualStudio.TestPlatform.Extensions.Html.TestLogger: Resolving assembly.
TpTrace Information: 0 : 18896, 1, 2022/04/13, 09:18:34.504, 758476877841, vstest.console.dll, AssemblyResolver.OnResolve: Microsoft.VisualStudio.TestPlatform.Extensions.Html.TestLogger: Searching in: 'C:\Program Files\dotnet\sdk\6.0.201\Extensions'.
TpTrace Information: 0 : 18896, 1, 2022/04/13, 09:18:34.504, 758476882043, vstest.console.dll, AssemblyResolver.OnResolve: Microsoft.VisualStudio.TestPlatform.Extensions.Html.TestLogger: Loading assembly 'C:\Program Files\dotnet\sdk\6.0.201\Extensions\Microsoft.VisualStudio.TestPlatform.Extensions.Html.TestLogger.dll'.
TpTrace Information: 0 : 18896, 1, 2022/04/13, 09:18:34.506, 758476893823, vstest.console.dll, AssemblyResolver.OnResolve: Resolved assembly: Microsoft.VisualStudio.TestPlatform.Extensions.Html.TestLogger, from path: C:\Program Files\dotnet\sdk\6.0.201\Extensions\Microsoft.VisualStudio.TestPlatform.Extensions.Html.TestLogger.dll
TpTrace Information: 0 : 18896, 1, 2022/04/13, 09:18:34.506, 758476896815, vstest.console.dll, AssemblyResolver.OnResolve: Microsoft.VisualStudio.TestPlatform.Extensions.Trx.TestLogger: Resolving assembly.
TpTrace Information: 0 : 18896, 1, 2022/04/13, 09:18:34.506, 758476897280, vstest.console.dll, AssemblyResolver.OnResolve: Microsoft.VisualStudio.TestPlatform.Extensions.Trx.TestLogger: Searching in: 'C:\Program Files\dotnet\sdk\6.0.201\Extensions'.
TpTrace Information: 0 : 18896, 1, 2022/04/13, 09:18:34.506, 758476901538, vstest.console.dll, AssemblyResolver.OnResolve: Microsoft.VisualStudio.TestPlatform.Extensions.Trx.TestLogger: Loading assembly 'C:\Program Files\dotnet\sdk\6.0.201\Extensions\Microsoft.VisualStudio.TestPlatform.Extensions.Trx.TestLogger.dll'.
TpTrace Information: 0 : 18896, 1, 2022/04/13, 09:18:34.507, 758476912498, vstest.console.dll, AssemblyResolver.OnResolve: Resolved assembly: Microsoft.VisualStudio.TestPlatform.Extensions.Trx.TestLogger, from path: C:\Program Files\dotnet\sdk\6.0.201\Extensions\Microsoft.VisualStudio.TestPlatform.Extensions.Trx.TestLogger.dll
TpTrace Verbose: 0 : 18896, 1, 2022/04/13, 09:18:34.508, 758476917051, vstest.console.dll, TestPluginCache: Discovered the extensions using extension path ''.
TpTrace Verbose: 0 : 18896, 1, 2022/04/13, 09:18:34.508, 758476917614, vstest.console.dll, TestPluginCache: Discoverers are ''.
TpTrace Verbose: 0 : 18896, 1, 2022/04/13, 09:18:34.508, 758476917853, vstest.console.dll, TestPluginCache: Executors are ''.
TpTrace Verbose: 0 : 18896, 1, 2022/04/13, 09:18:34.508, 758476918052, vstest.console.dll, TestPluginCache: Executors2 are ''.
TpTrace Verbose: 0 : 18896, 1, 2022/04/13, 09:18:34.508, 758476918241, vstest.console.dll, TestPluginCache: Setting providers are ''.
TpTrace Verbose: 0 : 18896, 1, 2022/04/13, 09:18:34.508, 758476918429, vstest.console.dll, TestPluginCache: Loggers are ''.
TpTrace Information: 0 : 18896, 1, 2022/04/13, 09:18:34.512, 758476954816, vstest.console.dll, RunTestsArgumentProcessor:Execute: Test run is starting.
TpTrace Verbose: 0 : 18896, 1, 2022/04/13, 09:18:34.512, 758476956187, vstest.console.dll, RunTestsArgumentProcessor:Execute: Queuing Test run.
TpTrace Information: 0 : 18896, 1, 2022/04/13, 09:18:34.512, 758476957617, vstest.console.dll, TestRequestManager.RunTests: run tests started.
TpTrace Information: 0 : 18896, 1, 2022/04/13, 09:18:34.517, 758477010053, vstest.console.dll, AssemblyMetadataProvider.GetFrameWork: Determined framework:'.NETCoreApp,Version=v6.0' for source: 'C:\projetos dotnet core 6\ApiJwtBlogDotnetCore6\ApiCore.Tests\bin\Debug\net6.0\fine-code-coverage\build-output\ApiCore.Tests.dll'
TpTrace Information: 0 : 18896, 1, 2022/04/13, 09:18:34.518, 758477013792, vstest.console.dll, Determined framework for all sources: .NETCoreApp,Version=v6.0
TpTrace Verbose: 0 : 18896, 1, 2022/04/13, 09:18:34.518, 758477017835, vstest.console.dll, Default architecture: X64 IsDefaultTargetArchitecture: True
TpTrace Information: 0 : 18896, 1, 2022/04/13, 09:18:34.518, 758477022566, vstest.console.dll, AssemblyMetadataProvider.GetArchitecture: Determined architecture:AnyCPU info for assembly: C:\projetos dotnet core 6\ApiJwtBlogDotnetCore6\ApiCore.Tests\bin\Debug\net6.0\fine-code-coverage\build-output\ApiCore.Tests.dll
TpTrace Information: 0 : 18896, 1, 2022/04/13, 09:18:34.519, 758477023492, vstest.console.dll, Determined platform for source 'C:\projetos dotnet core 6\ApiJwtBlogDotnetCore6\ApiCore.Tests\bin\Debug\net6.0\fine-code-coverage\build-output\ApiCore.Tests.dll' is 'AnyCPU'
TpTrace Information: 0 : 18896, 1, 2022/04/13, 09:18:34.520, 758477039396, vstest.console.dll, Determined platform for all sources: X64
TpTrace Information: 0 : 18896, 1, 2022/04/13, 09:18:34.520, 758477040235, vstest.console.dll, Infered platform 'X64'.
TpTrace Information: 0 : 18896, 1, 2022/04/13, 09:18:34.520, 758477040531, vstest.console.dll, Platform update to 'X64' required.
TpTrace Information: 0 : 18896, 1, 2022/04/13, 09:18:34.523, 758477064552, vstest.console.dll, Compatible sources list : 
TpTrace Information: 0 : 18896, 1, 2022/04/13, 09:18:34.523, 758477065785, vstest.console.dll, C:\projetos dotnet core 6\ApiJwtBlogDotnetCore6\ApiCore.Tests\bin\Debug\net6.0\fine-code-coverage\build-output\ApiCore.Tests.dll
TpTrace Information: 0 : 18896, 1, 2022/04/13, 09:18:34.525, 758477090557, vstest.console.dll, InferRunSettingsHelper.IsTestSettingsEnabled: Unable to navigate to RunSettings/MSTest. Current node: RunSettings
TpTrace Information: 0 : 18896, 1, 2022/04/13, 09:18:34.526, 758477098907, vstest.console.dll, AssemblyResolver.OnResolve: Microsoft.VisualStudio.TestPlatform.Fakes: Resolving assembly.
TpTrace Information: 0 : 18896, 1, 2022/04/13, 09:18:34.526, 758477099710, vstest.console.dll, AssemblyResolver.OnResolve: Microsoft.VisualStudio.TestPlatform.Fakes: Searching in: 'C:\Program Files\dotnet\sdk\6.0.201\Extensions'.
TpTrace Information: 0 : 18896, 1, 2022/04/13, 09:18:34.526, 758477100429, vstest.console.dll, AssemblyResolver.OnResolve: Microsoft.VisualStudio.TestPlatform.Fakes: Assembly path does not exist: 'C:\Program Files\dotnet\sdk\6.0.201\Extensions\Microsoft.VisualStudio.TestPlatform.Fakes.dll', returning.
TpTrace Information: 0 : 18896, 1, 2022/04/13, 09:18:34.526, 758477100925, vstest.console.dll, AssemblyResolver.OnResolve: Microsoft.VisualStudio.TestPlatform.Fakes: Assembly path does not exist: 'C:\Program Files\dotnet\sdk\6.0.201\Extensions\Microsoft.VisualStudio.TestPlatform.Fakes.exe', returning.
TpTrace Information: 0 : 18896, 1, 2022/04/13, 09:18:34.526, 758477101241, vstest.console.dll, AssemblyResolver.OnResolve: Microsoft.VisualStudio.TestPlatform.Fakes: Searching in: 'C:\Program Files\dotnet\sdk\6.0.201'.
TpTrace Information: 0 : 18896, 1, 2022/04/13, 09:18:34.526, 758477101813, vstest.console.dll, AssemblyResolver.OnResolve: Microsoft.VisualStudio.TestPlatform.Fakes: Assembly path does not exist: 'C:\Program Files\dotnet\sdk\6.0.201\Microsoft.VisualStudio.TestPlatform.Fakes.dll', returning.
TpTrace Information: 0 : 18896, 1, 2022/04/13, 09:18:34.526, 758477102271, vstest.console.dll, AssemblyResolver.OnResolve: Microsoft.VisualStudio.TestPlatform.Fakes: Assembly path does not exist: 'C:\Program Files\dotnet\sdk\6.0.201\Microsoft.VisualStudio.TestPlatform.Fakes.exe', returning.
TpTrace Information: 0 : 18896, 1, 2022/04/13, 09:18:34.526, 758477102527, vstest.console.dll, AssemblyResolver.OnResolve: Microsoft.VisualStudio.TestPlatform.Fakes: Failed to load assembly.
TpTrace Information: 0 : 18896, 1, 2022/04/13, 09:18:34.527, 758477104722, vstest.console.dll, Failed to load assembly Microsoft.VisualStudio.TestPlatform.Fakes, Version=17.0.0.0, Culture=neutral. Reason:System.IO.FileNotFoundException: Could not load file or assembly 'Microsoft.VisualStudio.TestPlatform.Fakes, Version=17.0.0.0, Culture=neutral, PublicKeyToken=null'. O sistema não pode encontrar o arquivo especificado.
File name: 'Microsoft.VisualStudio.TestPlatform.Fakes, Version=17.0.0.0, Culture=neutral, PublicKeyToken=null'
   at System.Reflection.RuntimeAssembly.InternalLoad(ObjectHandleOnStack assemblyName, ObjectHandleOnStack requestingAssembly, StackCrawlMarkHandle stackMark, Boolean throwOnFileNotFound, ObjectHandleOnStack assemblyLoadContext, ObjectHandleOnStack retAssembly)
   at System.Reflection.RuntimeAssembly.InternalLoad(AssemblyName assemblyName, RuntimeAssembly requestingAssembly, StackCrawlMark& stackMark, Boolean throwOnFileNotFound, AssemblyLoadContext assemblyLoadContext)
   at System.Reflection.Assembly.Load(AssemblyName assemblyRef)
   at Microsoft.VisualStudio.TestPlatform.Common.Utilities.FakesUtilities.LoadTestPlatformAssembly()
TpTrace Verbose: 0 : 18896, 1, 2022/04/13, 09:18:34.530, 758477142846, vstest.console.dll, TestPluginCache.DiscoverTestExtensions: finding test extensions in assemblies ends with: TestLogger.dll TPluginInfo: Microsoft.VisualStudio.TestPlatform.Common.ExtensionFramework.Utilities.TestLoggerPluginInformation TExtension: Microsoft.VisualStudio.TestPlatform.ObjectModel.Client.ITestLogger
TpTrace Verbose: 0 : 18896, 1, 2022/04/13, 09:18:34.531, 758477144313, vstest.console.dll, TestPluginCache.GetExtensionPaths: Filtered extension paths: 
TpTrace Verbose: 0 : 18896, 1, 2022/04/13, 09:18:34.531, 758477144908, vstest.console.dll, TestPluginCache.GetExtensionPaths: Added default extension paths: C:\Program Files\dotnet\sdk\6.0.201\Extensions\DumpMinitool.exe
C:\Program Files\dotnet\sdk\6.0.201\Extensions\DumpMinitool.x86.exe
C:\Program Files\dotnet\sdk\6.0.201\Extensions\Microsoft.Diagnostics.NETCore.Client.dll
C:\Program Files\dotnet\sdk\6.0.201\Extensions\Microsoft.TestPlatform.Extensions.BlameDataCollector.dll
C:\Program Files\dotnet\sdk\6.0.201\Extensions\Microsoft.TestPlatform.Extensions.EventLogCollector.dll
C:\Program Files\dotnet\sdk\6.0.201\Extensions\Microsoft.TestPlatform.TestHostRuntimeProvider.dll
C:\Program Files\dotnet\sdk\6.0.201\Extensions\Microsoft.VisualStudio.TestPlatform.Extensions.Html.TestLogger.dll
C:\Program Files\dotnet\sdk\6.0.201\Extensions\Microsoft.VisualStudio.TestPlatform.Extensions.Trx.TestLogger.dll
TpTrace Verbose: 0 : 18896, 1, 2022/04/13, 09:18:34.531, 758477145408, vstest.console.dll, TestPluginCache.GetExtensionPaths: Added unfilterableExtensionPaths: 
TpTrace Information: 0 : 18896, 1, 2022/04/13, 09:18:34.531, 758477147518, vstest.console.dll, AssemblyResolver.AddSearchDirectories: Adding more searchDirectories C:\Program Files\dotnet\sdk\6.0.201\Extensions,C:\Program Files\dotnet\sdk\6.0.201
TpTrace Verbose: 0 : 18896, 1, 2022/04/13, 09:18:34.531, 758477148205, vstest.console.dll, TestPluginCache.DiscoverTestExtensions: Discovering the extensions using extension path.
TpTrace Verbose: 0 : 18896, 1, 2022/04/13, 09:18:34.531, 758477148843, vstest.console.dll, TestPluginCache.GetExtensionPaths: Filtered extension paths: 
TpTrace Verbose: 0 : 18896, 1, 2022/04/13, 09:18:34.531, 758477149312, vstest.console.dll, TestPluginCache.GetExtensionPaths: Added default extension paths: C:\Program Files\dotnet\sdk\6.0.201\Extensions\DumpMinitool.exe
C:\Program Files\dotnet\sdk\6.0.201\Extensions\DumpMinitool.x86.exe
C:\Program Files\dotnet\sdk\6.0.201\Extensions\Microsoft.Diagnostics.NETCore.Client.dll
C:\Program Files\dotnet\sdk\6.0.201\Extensions\Microsoft.TestPlatform.Extensions.BlameDataCollector.dll
C:\Program Files\dotnet\sdk\6.0.201\Extensions\Microsoft.TestPlatform.Extensions.EventLogCollector.dll
C:\Program Files\dotnet\sdk\6.0.201\Extensions\Microsoft.TestPlatform.TestHostRuntimeProvider.dll
C:\Program Files\dotnet\sdk\6.0.201\Extensions\Microsoft.VisualStudio.TestPlatform.Extensions.Html.TestLogger.dll
C:\Program Files\dotnet\sdk\6.0.201\Extensions\Microsoft.VisualStudio.TestPlatform.Extensions.Trx.TestLogger.dll
TpTrace Verbose: 0 : 18896, 1, 2022/04/13, 09:18:34.531, 758477149885, vstest.console.dll, TestPluginCache.GetExtensionPaths: Added unfilterableExtensionPaths: 
TpTrace Verbose: 0 : 18896, 1, 2022/04/13, 09:18:34.531, 758477150320, vstest.console.dll, TestPluginCache.DiscoverTestExtensions: Discovering the extensions using allExtensionPaths: C:\Program Files\dotnet\sdk\6.0.201\Extensions\DumpMinitool.exe
C:\Program Files\dotnet\sdk\6.0.201\Extensions\DumpMinitool.x86.exe
C:\Program Files\dotnet\sdk\6.0.201\Extensions\Microsoft.Diagnostics.NETCore.Client.dll
C:\Program Files\dotnet\sdk\6.0.201\Extensions\Microsoft.TestPlatform.Extensions.BlameDataCollector.dll
C:\Program Files\dotnet\sdk\6.0.201\Extensions\Microsoft.TestPlatform.Extensions.EventLogCollector.dll
C:\Program Files\dotnet\sdk\6.0.201\Extensions\Microsoft.TestPlatform.TestHostRuntimeProvider.dll
C:\Program Files\dotnet\sdk\6.0.201\Extensions\Microsoft.VisualStudio.TestPlatform.Extensions.Html.TestLogger.dll
C:\Program Files\dotnet\sdk\6.0.201\Extensions\Microsoft.VisualStudio.TestPlatform.Extensions.Trx.TestLogger.dll
TpTrace Information: 0 : 18896, 1, 2022/04/13, 09:18:34.531, 758477151552, vstest.console.dll, AssemblyResolver.AddSearchDirectories: Adding more searchDirectories C:\Program Files\dotnet\sdk\6.0.201\Extensions,C:\Program Files\dotnet\sdk\6.0.201
TpTrace Information: 0 : 18896, 1, 2022/04/13, 09:18:34.531, 758477152055, vstest.console.dll, AssemblyResolver.AddSearchDirectories: Adding more searchDirectories C:\Program Files\dotnet\sdk\6.0.201\Extensions,C:\Program Files\dotnet\sdk\6.0.201
TpTrace Information: 0 : 18896, 1, 2022/04/13, 09:18:34.531, 758477152455, vstest.console.dll, AssemblyResolver.AddSearchDirectories: Adding more searchDirectories C:\Program Files\dotnet\sdk\6.0.201\Extensions,C:\Program Files\dotnet\sdk\6.0.201
TpTrace Information: 0 : 18896, 1, 2022/04/13, 09:18:34.531, 758477152886, vstest.console.dll, AssemblyResolver.AddSearchDirectories: Adding more searchDirectories C:\Program Files\dotnet\sdk\6.0.201\Extensions,C:\Program Files\dotnet\sdk\6.0.201
TpTrace Information: 0 : 18896, 1, 2022/04/13, 09:18:34.531, 758477153277, vstest.console.dll, AssemblyResolver.AddSearchDirectories: Adding more searchDirectories C:\Program Files\dotnet\sdk\6.0.201\Extensions,C:\Program Files\dotnet\sdk\6.0.201
TpTrace Information: 0 : 18896, 1, 2022/04/13, 09:18:34.532, 758477153669, vstest.console.dll, AssemblyResolver.AddSearchDirectories: Adding more searchDirectories C:\Program Files\dotnet\sdk\6.0.201\Extensions,C:\Program Files\dotnet\sdk\6.0.201
TpTrace Information: 0 : 18896, 1, 2022/04/13, 09:18:34.532, 758477154095, vstest.console.dll, AssemblyResolver.AddSearchDirectories: Adding more searchDirectories C:\Program Files\dotnet\sdk\6.0.201\Extensions,C:\Program Files\dotnet\sdk\6.0.201
TpTrace Information: 0 : 18896, 1, 2022/04/13, 09:18:34.532, 758477154488, vstest.console.dll, AssemblyResolver.AddSearchDirectories: Adding more searchDirectories C:\Program Files\dotnet\sdk\6.0.201\Extensions,C:\Program Files\dotnet\sdk\6.0.201
TpTrace Information: 0 : 18896, 1, 2022/04/13, 09:18:34.532, 758477159138, vstest.console.dll, AssemblyResolver.OnResolve: Microsoft.Bcl.AsyncInterfaces: Resolving assembly.
TpTrace Information: 0 : 18896, 1, 2022/04/13, 09:18:34.532, 758477160080, vstest.console.dll, AssemblyResolver.OnResolve: Microsoft.Bcl.AsyncInterfaces: Resolved from cache.
TpTrace Verbose: 0 : 18896, 1, 2022/04/13, 09:18:34.532, 758477160503, vstest.console.dll, CurrentDomainAssemblyResolve: Resolving assembly 'Microsoft.Bcl.AsyncInterfaces'.
TpTrace Information: 0 : 18896, 1, 2022/04/13, 09:18:34.532, 758477161087, vstest.console.dll, AssemblyResolver.OnResolve: Microsoft.Bcl.AsyncInterfaces: Resolving assembly.
TpTrace Information: 0 : 18896, 1, 2022/04/13, 09:18:34.532, 758477161438, vstest.console.dll, AssemblyResolver.OnResolve: Microsoft.Bcl.AsyncInterfaces: Resolved from cache.
TpTrace Verbose: 0 : 18896, 1, 2022/04/13, 09:18:34.532, 758477161786, vstest.console.dll, CurrentDomainAssemblyResolve: Resolving assembly 'Microsoft.Bcl.AsyncInterfaces'.
TpTrace Verbose: 0 : 18896, 1, 2022/04/13, 09:18:34.532, 758477162110, vstest.console.dll, CurrentDomainAssemblyResolve: Failed to resolve assembly 'Microsoft.Bcl.AsyncInterfaces'.
TpTrace Verbose: 0 : 18896, 1, 2022/04/13, 09:18:34.533, 758477163796, vstest.console.dll, CurrentDomainAssemblyResolve: Failed to resolve assembly 'Microsoft.Bcl.AsyncInterfaces'.
TpTrace Warning: 0 : 18896, 1, 2022/04/13, 09:18:34.533, 758477167453, vstest.console.dll, TestPluginDiscoverer: Failed to get types from assembly 'Microsoft.Diagnostics.NETCore.Client, Version=0.2.5.801, Culture=neutral, PublicKeyToken=31bf3856ad364e35'.  Skipping test extension scan for this assembly.  Error: System.Reflection.ReflectionTypeLoadException: Unable to load one or more of the requested types.
Could not load file or assembly 'Microsoft.Bcl.AsyncInterfaces, Version=1.0.0.0, Culture=neutral, PublicKeyToken=cc7b13ffcd2ddd51'. O sistema não pode encontrar o arquivo especificado.
   at System.Reflection.RuntimeModule.GetTypes(RuntimeModule module)
   at System.Reflection.Assembly.GetTypes()
   at Microsoft.VisualStudio.TestPlatform.Common.ExtensionFramework.TestPluginDiscoverer.GetTestExtensionsFromAssembly[TPluginInfo,TExtension](Assembly assembly, Dictionary`2 pluginInfos)
System.IO.FileNotFoundException: Could not load file or assembly 'Microsoft.Bcl.AsyncInterfaces, Version=1.0.0.0, Culture=neutral, PublicKeyToken=cc7b13ffcd2ddd51'. O sistema não pode encontrar o arquivo especificado.
File name: 'Microsoft.Bcl.AsyncInterfaces, Version=1.0.0.0, Culture=neutral, PublicKeyToken=cc7b13ffcd2ddd51'
 ---> System.IO.FileNotFoundException: Could not load file or assembly 'Microsoft.Bcl.AsyncInterfaces, Culture=neutral, PublicKeyToken=null'. O sistema não pode encontrar o arquivo especificado.
File name: 'Microsoft.Bcl.AsyncInterfaces, Culture=neutral, PublicKeyToken=null'
   at System.Reflection.RuntimeAssembly.InternalLoad(ObjectHandleOnStack assemblyName, ObjectHandleOnStack requestingAssembly, StackCrawlMarkHandle stackMark, Boolean throwOnFileNotFound, ObjectHandleOnStack assemblyLoadContext, ObjectHandleOnStack retAssembly)
   at System.Reflection.RuntimeAssembly.InternalLoad(AssemblyName assemblyName, RuntimeAssembly requestingAssembly, StackCrawlMark& stackMark, Boolean throwOnFileNotFound, AssemblyLoadContext assemblyLoadContext)
   at System.Reflection.Assembly.Load(AssemblyName assemblyRef)
   at Microsoft.VisualStudio.TestPlatform.Common.ExtensionFramework.TestPluginCache.CurrentDomainAssemblyResolve(Object sender, AssemblyResolveEventArgs args)
   at Microsoft.VisualStudio.TestPlatform.PlatformAbstractions.PlatformAssemblyResolver.AssemblyResolverEvent(Object sender, Object eventArgs)
   at System.Runtime.Loader.AssemblyLoadContext.GetFirstResolvedAssemblyFromResolvingEvent(AssemblyName assemblyName)
   at System.Runtime.Loader.AssemblyLoadContext.ResolveUsingEvent(AssemblyName assemblyName)
   at System.Runtime.Loader.AssemblyLoadContext.ResolveUsingResolvingEvent(IntPtr gchManagedAssemblyLoadContext, AssemblyName assemblyName)
TpTrace Warning: 0 : 18896, 1, 2022/04/13, 09:18:34.533, 758477169065, vstest.console.dll, LoaderExceptions: System.IO.FileNotFoundException: Could not load file or assembly 'Microsoft.Bcl.AsyncInterfaces, Version=1.0.0.0, Culture=neutral, PublicKeyToken=cc7b13ffcd2ddd51'. O sistema não pode encontrar o arquivo especificado.
File name: 'Microsoft.Bcl.AsyncInterfaces, Version=1.0.0.0, Culture=neutral, PublicKeyToken=cc7b13ffcd2ddd51'
 ---> System.IO.FileNotFoundException: Could not load file or assembly 'Microsoft.Bcl.AsyncInterfaces, Culture=neutral, PublicKeyToken=null'. O sistema não pode encontrar o arquivo especificado.
File name: 'Microsoft.Bcl.AsyncInterfaces, Culture=neutral, PublicKeyToken=null'
   at System.Reflection.RuntimeAssembly.InternalLoad(ObjectHandleOnStack assemblyName, ObjectHandleOnStack requestingAssembly, StackCrawlMarkHandle stackMark, Boolean throwOnFileNotFound, ObjectHandleOnStack assemblyLoadContext, ObjectHandleOnStack retAssembly)
   at System.Reflection.RuntimeAssembly.InternalLoad(AssemblyName assemblyName, RuntimeAssembly requestingAssembly, StackCrawlMark& stackMark, Boolean throwOnFileNotFound, AssemblyLoadContext assemblyLoadContext)
   at System.Reflection.Assembly.Load(AssemblyName assemblyRef)
   at Microsoft.VisualStudio.TestPlatform.Common.ExtensionFramework.TestPluginCache.CurrentDomainAssemblyResolve(Object sender, AssemblyResolveEventArgs args)
   at Microsoft.VisualStudio.TestPlatform.PlatformAbstractions.PlatformAssemblyResolver.AssemblyResolverEvent(Object sender, Object eventArgs)
   at System.Runtime.Loader.AssemblyLoadContext.GetFirstResolvedAssemblyFromResolvingEvent(AssemblyName assemblyName)
   at System.Runtime.Loader.AssemblyLoadContext.ResolveUsingEvent(AssemblyName assemblyName)
   at System.Runtime.Loader.AssemblyLoadContext.ResolveUsingResolvingEvent(IntPtr gchManagedAssemblyLoadContext, AssemblyName assemblyName)
TpTrace Verbose: 0 : 18896, 1, 2022/04/13, 09:18:34.533, 758477173192, vstest.console.dll, TestPluginCache: Discovered the extensions using extension path ''.
TpTrace Verbose: 0 : 18896, 1, 2022/04/13, 09:18:34.534, 758477173851, vstest.console.dll, TestPluginCache: Discoverers are ''.
TpTrace Verbose: 0 : 18896, 1, 2022/04/13, 09:18:34.534, 758477174118, vstest.console.dll, TestPluginCache: Executors are ''.
TpTrace Verbose: 0 : 18896, 1, 2022/04/13, 09:18:34.534, 758477174350, vstest.console.dll, TestPluginCache: Executors2 are ''.
TpTrace Verbose: 0 : 18896, 1, 2022/04/13, 09:18:34.534, 758477174573, vstest.console.dll, TestPluginCache: Setting providers are ''.
TpTrace Verbose: 0 : 18896, 1, 2022/04/13, 09:18:34.534, 758477175471, vstest.console.dll, TestPluginCache: Loggers are 'logger://Microsoft/TestPlatform/Extensions/Blame/v1,logger://Microsoft/TestPlatform/HtmlLogger/v1,logger://Microsoft/TestPlatform/TrxLogger/v1'.
TpTrace Information: 0 : 18896, 1, 2022/04/13, 09:18:34.535, 758477184292, vstest.console.dll, TestPluginManager.CreateTestExtension: Attempting to load test extension: Microsoft.TestPlatform.Extensions.BlameDataCollector.BlameLogger
TpTrace Information: 0 : 18896, 1, 2022/04/13, 09:18:34.541, 758477247083, vstest.console.dll, TestPluginManager.CreateTestExtension: Attempting to load test extension: Microsoft.VisualStudio.TestPlatform.CrossPlatEngine.Hosting.DefaultTestHostManager
TpTrace Information: 0 : 18896, 1, 2022/04/13, 09:18:34.542, 758477260952, vstest.console.dll, TestPluginManager.CreateTestExtension: Attempting to load test extension: Microsoft.VisualStudio.TestPlatform.CrossPlatEngine.Hosting.DotnetTestHostManager
TpTrace Verbose: 0 : 18896, 1, 2022/04/13, 09:18:34.543, 758477266581, vstest.console.dll, TestEngine: Initializing Parallel Execution as MaxCpuCount is set to: 1
TpTrace Information: 0 : 18896, 1, 2022/04/13, 09:18:34.543, 758477271568, vstest.console.dll, InferRunSettingsHelper.IsTestSettingsEnabled: Unable to navigate to RunSettings/MSTest. Current node: RunSettings
TpTrace Verbose: 0 : 18896, 1, 2022/04/13, 09:18:34.557, 758477411090, vstest.console.dll, TestRequestSender is acting as server
TpTrace Verbose: 0 : 18896, 5, 2022/04/13, 09:18:34.561, 758477449698, vstest.console.dll, DataCollectionRequestSender.InitializeCommunication : Initialize communication. 
TpTrace Information: 0 : 18896, 5, 2022/04/13, 09:18:34.567, 758477511600, vstest.console.dll, Listening on Endpoint : 127.0.0.1:63712
TpTrace Verbose: 0 : 18896, 5, 2022/04/13, 09:18:34.577, 758477608349, vstest.console.dll, DotnetDataCollectionLauncher: Full path of dotnet.exe is C:\Program Files\dotnet\dotnet.exe
TpTrace Verbose: 0 : 18896, 5, 2022/04/13, 09:18:34.577, 758477610006, vstest.console.dll, DotnetDataCollectionLauncher: Adding  --runtimeconfig "C:\Program Files\dotnet\sdk\6.0.201\datacollector.runtimeconfig.json" in args
TpTrace Verbose: 0 : 18896, 5, 2022/04/13, 09:18:34.577, 758477610656, vstest.console.dll, DotnetDataCollectionLauncher: Adding  --depsfile "C:\Program Files\dotnet\sdk\6.0.201\datacollector.deps.json" in args
TpTrace Information: 0 : 18896, 5, 2022/04/13, 09:18:34.585, 758477692675, vstest.console.dll, ProxyDataCollectionManager.Initialize: Launched datacollector processId: 14956 port: 63712
TpTrace Information: 0 : 18896, 5, 2022/04/13, 09:18:34.586, 758477693881, vstest.console.dll, ProxyDataCollectionManager.Initialize: waiting for connection with timeout: 90 seconds
TpTrace Verbose: 0 : 18896, 5, 2022/04/13, 09:18:34.586, 758477694306, vstest.console.dll, DataCollectionRequestSender.WaitForRequestHandlerConnection : Waiting for connection with timeout: 90000
TpTrace Information: 0 : 18896, 8, 2022/04/13, 09:18:34.904, 758480873818, vstest.console.dll, Using the buffer size of 16384 bytes
TpTrace Verbose: 0 : 18896, 5, 2022/04/13, 09:18:34.904, 758480874499, vstest.console.dll, ProxyDataCollectionManager.InvokeDataCollectionServiceAction: Starting.
TpTrace Information: 0 : 18896, 8, 2022/04/13, 09:18:34.904, 758480875297, vstest.console.dll, Accepted Client request and set the flag
TpTrace Information: 0 : 18896, 5, 2022/04/13, 09:18:34.904, 758480876201, vstest.console.dll, ProxyDataCollectionManager.BeforeTestRunStart: Get environment variable and port for datacollector processId: 14956 port: 63712
TpTrace Verbose: 0 : 18896, 5, 2022/04/13, 09:18:34.904, 758480877268, vstest.console.dll, DataCollectionRequestSender.SendBeforeTestRunStartAndGetResult : Send BeforeTestRunStart message with settingsXml <RunSettings><RunConfiguration><ResultsDirectory>C:\projetos dotnet core 6\ApiJwtBlogDotnetCore6\ApiCore.Tests\bin\Debug\net6.0\fine-code-coverage\coverage-tool-output</ResultsDirectory><TargetPlatform>X64</TargetPlatform><TargetFrameworkVersion>.NETCoreApp,Version=v6.0</TargetFrameworkVersion><DesignMode>False</DesignMode><CollectSourceInformation>False</CollectSourceInformation><TestAdaptersPaths>C:\Program Files\dotnet\sdk\6.0.201\Extensions</TestAdaptersPaths></RunConfiguration><LoggerRunSettings><Loggers><Logger friendlyName="blame" enabled="True" /><Logger friendlyName="Console" uri="logger://microsoft/TestPlatform/ConsoleLogger/v1" assemblyQualifiedName="Microsoft.VisualStudio.TestPlatform.CommandLine.Internal.ConsoleLogger, vstest.console, Version=15.0.0.0, Culture=neutral, PublicKeyToken=b03f5f7f11d50a3a" codeBase="C:\Program Files\dotnet\sdk\6.0.201\vstest.console.dll" enabled="True" /></Loggers></LoggerRunSettings><DataCollectionRunSettings><DataCollectors><DataCollector friendlyName="blame" enabled="True"><Configuration><ResultsDirectory>C:\projetos dotnet core 6\ApiJwtBlogDotnetCore6\ApiCore.Tests\bin\Debug\net6.0\fine-code-coverage\coverage-tool-output</ResultsDirectory></Configuration></DataCollector></DataCollectors></DataCollectionRunSettings></RunSettings> and sources System.Linq.Enumerable+Concat2Iterator`1[System.String]: 
TpTrace Verbose: 0 : 18896, 5, 2022/04/13, 09:18:34.964, 758481475673, vstest.console.dll, DataCollectionRequestSender.SendBeforeTestRunStartAndGetResult : Received message: (DataCollection.SendMessage) -> {
  "FriendlyName": null,
  "Uri": null,
  "TestCaseId": "00000000-0000-0000-0000-000000000000",
  "Message": "Logging DataCollector Diagnostics in file: C:\\projetos dotnet core 6\\ApiJwtBlogDotnetCore6\\ApiCore.Tests\\bin\\Debug\\net6.0\\fine-code-coverage\\coverage-tool-output\\diagnostics.datacollector.22-04-13_09-18-34_57363_5.log",
  "Level": 0
}
TpTrace Verbose: 0 : 18896, 5, 2022/04/13, 09:18:35.027, 758482113184, vstest.console.dll, DataCollectionRequestSender.SendBeforeTestRunStartAndGetResult : Received message: (DataCollection.BeforeTestRunStartResult) -> {
  "EnvironmentVariables": {},
  "DataCollectionEventsPort": 63714
}
TpTrace Information: 0 : 18896, 5, 2022/04/13, 09:18:35.033, 758482164675, vstest.console.dll, ProxyDataCollectionManager.BeforeTestRunStart: SendBeforeTestRunStartAndGetResult successful, env variable from datacollector:   and testhost port: 63714
TpTrace Information: 0 : 18896, 5, 2022/04/13, 09:18:35.033, 758482165700, vstest.console.dll, ProxyDataCollectionManager.InvokeDataCollectionServiceAction: Completed.
TpTrace Verbose: 0 : 18896, 1, 2022/04/13, 09:18:35.033, 758482167589, vstest.console.dll, TestRunRequest.ExecuteAsync: Creating test run request.
TpTrace Verbose: 0 : 18896, 1, 2022/04/13, 09:18:35.033, 758482170930, vstest.console.dll, TestRunRequest.ExecuteAsync: Starting.
TpTrace Information: 0 : 18896, 1, 2022/04/13, 09:18:35.034, 758482175033, vstest.console.dll, TestRunRequest.ExecuteAsync: Starting run with settings:TestRunCriteria:
   KeepAlive=False,FrequencyOfRunStatsChangeEvent=10,RunStatsChangeEventTimeout=00:00:01.5000000,TestCaseFilter=,TestExecutorLauncher=
   Settingsxml=<RunSettings>
  <RunConfiguration>
    <ResultsDirectory>C:\projetos dotnet core 6\ApiJwtBlogDotnetCore6\ApiCore.Tests\bin\Debug\net6.0\fine-code-coverage\coverage-tool-output</ResultsDirectory>
    <TargetPlatform>X64</TargetPlatform>
    <TargetFrameworkVersion>.NETCoreApp,Version=v6.0</TargetFrameworkVersion>
    <DesignMode>False</DesignMode>
    <CollectSourceInformation>False</CollectSourceInformation>
  </RunConfiguration>
  <LoggerRunSettings>
    <Loggers>
      <Logger friendlyName="blame" enabled="True" />
      <Logger friendlyName="Console" uri="logger://microsoft/TestPlatform/ConsoleLogger/v1" assemblyQualifiedName="Microsoft.VisualStudio.TestPlatform.CommandLine.Internal.ConsoleLogger, vstest.console, Version=15.0.0.0, Culture=neutral, PublicKeyToken=b03f5f7f11d50a3a" codeBase="C:\Program Files\dotnet\sdk\6.0.201\vstest.console.dll" enabled="True" />
    </Loggers>
  </LoggerRunSettings>
  <DataCollectionRunSettings>
    <DataCollectors>
      <DataCollector friendlyName="blame" enabled="True">
        <Configuration>
          <ResultsDirectory>C:\projetos dotnet core 6\ApiJwtBlogDotnetCore6\ApiCore.Tests\bin\Debug\net6.0\fine-code-coverage\coverage-tool-output</ResultsDirectory>
        </Configuration>
      </DataCollector>
    </DataCollectors>
  </DataCollectionRunSettings>
</RunSettings>

TpTrace Verbose: 0 : 18896, 1, 2022/04/13, 09:18:35.034, 758482175518, vstest.console.dll, TestRunRequest.ExecuteAsync: Wait for the first run request is over.
TpTrace Verbose: 0 : 18896, 1, 2022/04/13, 09:18:35.034, 758482179712, vstest.console.dll, ParallelProxyExecutionManager: Start execution. Total sources: 1
TpTrace Information: 0 : 18896, 1, 2022/04/13, 09:18:35.035, 758482184883, vstest.console.dll, ProxyParallelExecutionManager: Triggering test run for next source: C:\projetos dotnet core 6\ApiJwtBlogDotnetCore6\ApiCore.Tests\bin\Debug\net6.0\fine-code-coverage\build-output\ApiCore.Tests.dll
TpTrace Verbose: 0 : 18896, 5, 2022/04/13, 09:18:35.035, 758482186594, vstest.console.dll, ParallelProxyExecutionManager: Execution started. Started clients: 1
TpTrace Verbose: 0 : 18896, 1, 2022/04/13, 09:18:35.035, 758482186727, vstest.console.dll, ProxyParallelExecutionManager: No sources available for execution.
TpTrace Information: 0 : 18896, 1, 2022/04/13, 09:18:35.035, 758482188264, vstest.console.dll, TestRunRequest.ExecuteAsync: Started.
TpTrace Verbose: 0 : 18896, 1, 2022/04/13, 09:18:35.035, 758482188922, vstest.console.dll, TestRunRequest.WaitForCompletion: Waiting with timeout -1.
TpTrace Verbose: 0 : 18896, 5, 2022/04/13, 09:18:35.035, 758482189285, vstest.console.dll, TestRunRequest:SendTestRunMessage: Starting.
TpTrace Information: 0 : 18896, 5, 2022/04/13, 09:18:35.035, 758482190345, vstest.console.dll, TestRunRequest:SendTestRunMessage: Completed.
TpTrace Verbose: 0 : 18896, 5, 2022/04/13, 09:18:35.035, 758482191904, vstest.console.dll, ProxyExecutionManager: Test host is always Lazy initialize.
TpTrace Verbose: 0 : 18896, 5, 2022/04/13, 09:18:35.035, 758482193403, vstest.console.dll, TestRequestSender.InitializeCommunication: initialize communication. 
TpTrace Information: 0 : 18896, 5, 2022/04/13, 09:18:35.036, 758482197647, vstest.console.dll, SocketServer.Start: Listening on endpoint : 127.0.0.1:63715
TpTrace Verbose: 0 : 18896, 5, 2022/04/13, 09:18:35.036, 758482202618, vstest.console.dll, DotnetTestHostmanager.GetTestHostProcessStartInfo: Platform environment 'X64' target architecture 'X64' framework '.NETCoreApp,Version=v6.0' OS 'Windows'
TpTrace Verbose: 0 : 18896, 5, 2022/04/13, 09:18:35.037, 758482204240, vstest.console.dll, DotnetTestHostmanager: Adding  --runtimeconfig "C:\projetos dotnet core 6\ApiJwtBlogDotnetCore6\ApiCore.Tests\bin\Debug\net6.0\fine-code-coverage\build-output\ApiCore.Tests.runtimeconfig.json" in args
TpTrace Verbose: 0 : 18896, 5, 2022/04/13, 09:18:35.037, 758482204949, vstest.console.dll, DotnetTestHostmanager: Adding  --depsfile "C:\projetos dotnet core 6\ApiJwtBlogDotnetCore6\ApiCore.Tests\bin\Debug\net6.0\fine-code-coverage\build-output\ApiCore.Tests.deps.json" in args
TpTrace Verbose: 0 : 18896, 5, 2022/04/13, 09:18:35.038, 758482219819, vstest.console.dll, DotnetTestHostmanager.IsWinOnArm: Current PROCESSOR_ARCHITECTURE from registry 'AMD64'
TpTrace Verbose: 0 : 18896, 5, 2022/04/13, 09:18:35.038, 758482220752, vstest.console.dll, DotnetTestHostmanager.IsWinOnArm: Is Windows on ARM 'False'
TpTrace Verbose: 0 : 18896, 5, 2022/04/13, 09:18:35.038, 758482221635, vstest.console.dll, DotnetTestHostManager: testhost.exe found at path: C:\projetos dotnet core 6\ApiJwtBlogDotnetCore6\ApiCore.Tests\bin\Debug\net6.0\fine-code-coverage\build-output\testhost.exe
TpTrace Verbose: 0 : 18896, 5, 2022/04/13, 09:18:35.038, 758482222112, vstest.console.dll, DotnetTestHostmanager: Full path of host exe is C:\projetos dotnet core 6\ApiJwtBlogDotnetCore6\ApiCore.Tests\bin\Debug\net6.0\fine-code-coverage\build-output\testhost.exe
TpTrace Verbose: 0 : 18896, 5, 2022/04/13, 09:18:35.038, 758482223110, vstest.console.dll, DotnetTestHostmanager.LaunchTestHostAsync: Found 'VSTEST_WINAPPHOST_DOTNET_ROOT' in env variables, value 'C:\Program Files\dotnet'
TpTrace Verbose: 0 : 18896, 7, 2022/04/13, 09:18:35.039, 758482229646, vstest.console.dll, DotnetTestHostManager: Starting process 'C:\projetos dotnet core 6\ApiJwtBlogDotnetCore6\ApiCore.Tests\bin\Debug\net6.0\fine-code-coverage\build-output\testhost.exe' with command line ' --runtimeconfig "C:\projetos dotnet core 6\ApiJwtBlogDotnetCore6\ApiCore.Tests\bin\Debug\net6.0\fine-code-coverage\build-output\ApiCore.Tests.runtimeconfig.json" --depsfile "C:\projetos dotnet core 6\ApiJwtBlogDotnetCore6\ApiCore.Tests\bin\Debug\net6.0\fine-code-coverage\build-output\ApiCore.Tests.deps.json" --port 63715 --endpoint 127.0.0.1:063715 --role client --parentprocessid 18896 --diag "C:\projetos dotnet core 6\ApiJwtBlogDotnetCore6\ApiCore.Tests\bin\Debug\net6.0\fine-code-coverage\coverage-tool-output\diagnostics.host.22-04-13_09-18-35_03667_5.log" --tracelevel 4 --datacollectionport 63714 --telemetryoptedin false'
TpTrace Verbose: 0 : 18896, 7, 2022/04/13, 09:18:35.045, 758482289035, vstest.console.dll, Test Runtime launched
TpTrace Verbose: 0 : 18896, 5, 2022/04/13, 09:18:35.046, 758482295053, vstest.console.dll, TestRequestSender.WaitForRequestHandlerConnection: waiting for connection with timeout: 90000
TpTrace Verbose: 0 : 18896, 7, 2022/04/13, 09:18:35.335, 758485190664, vstest.console.dll, SocketServer.OnClientConnected: Client connected for endPoint: 127.0.0.1:63715, starting MessageLoopAsync:
TpTrace Verbose: 0 : 18896, 14, 2022/04/13, 09:18:35.335, 758485193043, vstest.console.dll, TcpClientExtensions.MessageLoopAsync: Polling on remoteEndPoint: 127.0.0.1:63716 localEndPoint: 127.0.0.1:63715
TpTrace Verbose: 0 : 18896, 5, 2022/04/13, 09:18:35.338, 758485222569, vstest.console.dll, TestRequestSender.CheckVersionWithTestHost: Sending check version message: {"MessageType":"ProtocolVersion","Payload":5}
TpTrace Verbose: 0 : 18896, 14, 2022/04/13, 09:18:35.468, 758486514579, vstest.console.dll, TcpClientExtensions.MessageLoopAsync: NotifyDataAvailable remoteEndPoint: 127.0.0.1:63716 localEndPoint: 127.0.0.1:63715
TpTrace Verbose: 0 : 18896, 14, 2022/04/13, 09:18:35.468, 758486516844, vstest.console.dll, TestRequestSender.CheckVersionWithTestHost: onMessageReceived received message: (ProtocolVersion) -> 5
TpTrace Verbose: 0 : 18896, 14, 2022/04/13, 09:18:35.468, 758486519693, vstest.console.dll, TcpClientExtensions.MessageLoopAsync: Polling on remoteEndPoint: 127.0.0.1:63716 localEndPoint: 127.0.0.1:63715
TpTrace Verbose: 0 : 18896, 5, 2022/04/13, 09:18:35.468, 758486520784, vstest.console.dll, TestPluginCache.GetExtensionPaths: Filtered extension paths: 
TpTrace Verbose: 0 : 18896, 5, 2022/04/13, 09:18:35.468, 758486521292, vstest.console.dll, TestPluginCache.GetExtensionPaths: Added default extension paths: C:\Program Files\dotnet\sdk\6.0.201\Extensions\DumpMinitool.exe
C:\Program Files\dotnet\sdk\6.0.201\Extensions\DumpMinitool.x86.exe
C:\Program Files\dotnet\sdk\6.0.201\Extensions\Microsoft.Diagnostics.NETCore.Client.dll
C:\Program Files\dotnet\sdk\6.0.201\Extensions\Microsoft.TestPlatform.Extensions.BlameDataCollector.dll
C:\Program Files\dotnet\sdk\6.0.201\Extensions\Microsoft.TestPlatform.Extensions.EventLogCollector.dll
C:\Program Files\dotnet\sdk\6.0.201\Extensions\Microsoft.TestPlatform.TestHostRuntimeProvider.dll
C:\Program Files\dotnet\sdk\6.0.201\Extensions\Microsoft.VisualStudio.TestPlatform.Extensions.Html.TestLogger.dll
C:\Program Files\dotnet\sdk\6.0.201\Extensions\Microsoft.VisualStudio.TestPlatform.Extensions.Trx.TestLogger.dll
TpTrace Verbose: 0 : 18896, 5, 2022/04/13, 09:18:35.468, 758486521653, vstest.console.dll, TestPluginCache.GetExtensionPaths: Added unfilterableExtensionPaths: 
TpTrace Verbose: 0 : 18896, 5, 2022/04/13, 09:18:35.471, 758486552134, vstest.console.dll, TestRequestSender.InitializeExecution: Sending initialize execution with message: {"Version":5,"MessageType":"TestExecution.Initialize","Payload":["C:\\projetos dotnet core 6\\ApiJwtBlogDotnetCore6\\ApiCore.Tests\\bin\\Debug\\net6.0\\fine-code-coverage\\build-output\\xunit.runner.visualstudio.dotnetcore.testadapter.dll"]}
TpTrace Warning: 0 : 18896, 5, 2022/04/13, 09:18:35.472, 758486557752, vstest.console.dll, InferRunSettingsHelper.MakeRunsettingsCompatible: Removing the following settings: TargetPlatform from RunSettings file. To use those settings please move to latest version of Microsoft.NET.Test.Sdk
TpTrace Verbose: 0 : 18896, 14, 2022/04/13, 09:18:35.479, 758486623926, vstest.console.dll, TcpClientExtensions.MessageLoopAsync: NotifyDataAvailable remoteEndPoint: 127.0.0.1:63716 localEndPoint: 127.0.0.1:63715
TpTrace Verbose: 0 : 18896, 14, 2022/04/13, 09:18:35.479, 758486625198, vstest.console.dll, TestRequestSender.OnExecutionMessageReceived: Received message: {"Version":5,"MessageType":"TestSession.Message","Payload":{"MessageLevel":0,"Message":"Registro em log do diagnóstico TestHost no arquivo: C:\\projetos dotnet core 6\\ApiJwtBlogDotnetCore6\\ApiCore.Tests\\bin\\Debug\\net6.0\\fine-code-coverage\\coverage-tool-output\\diagnostics.host.22-04-13_09-18-35_03667_5.log"}}
TpTrace Verbose: 0 : 18896, 5, 2022/04/13, 09:18:35.480, 758486636981, vstest.console.dll, TestRequestSender.StartTestRun: Sending test run with message: {"Version":5,"MessageType":"TestExecution.StartWithSources","Payload":{"AdapterSourceMap":{"_none_":["C:\\projetos dotnet core 6\\ApiJwtBlogDotnetCore6\\ApiCore.Tests\\bin\\Debug\\net6.0\\fine-code-coverage\\build-output\\ApiCore.Tests.dll"]},"RunSettings":"<RunSettings>\r\n  <RunConfiguration>\r\n    <ResultsDirectory>C:\\projetos dotnet core 6\\ApiJwtBlogDotnetCore6\\ApiCore.Tests\\bin\\Debug\\net6.0\\fine-code-coverage\\coverage-tool-output</ResultsDirectory>\r\n    <TargetFrameworkVersion>.NETCoreApp,Version=v6.0</TargetFrameworkVersion>\r\n    <DesignMode>False</DesignMode>\r\n    <CollectSourceInformation>False</CollectSourceInformation>\r\n  </RunConfiguration>\r\n  <LoggerRunSettings>\r\n    <Loggers>\r\n      <Logger friendlyName=\"blame\" enabled=\"True\" />\r\n      <Logger friendlyName=\"Console\" uri=\"logger://microsoft/TestPlatform/ConsoleLogger/v1\" assemblyQualifiedName=\"Microsoft.VisualStudio.TestPlatform.CommandLine.Internal.ConsoleLogger, vstest.console, Version=15.0.0.0, Culture=neutral, PublicKeyToken=b03f5f7f11d50a3a\" codeBase=\"C:\\Program Files\\dotnet\\sdk\\6.0.201\\vstest.console.dll\" enabled=\"True\" />\r\n    </Loggers>\r\n  </LoggerRunSettings>\r\n  <DataCollectionRunSettings>\r\n    <DataCollectors>\r\n      <DataCollector friendlyName=\"blame\" enabled=\"True\">\r\n        <Configuration>\r\n          <ResultsDirectory>C:\\projetos dotnet core 6\\ApiJwtBlogDotnetCore6\\ApiCore.Tests\\bin\\Debug\\net6.0\\fine-code-coverage\\coverage-tool-output</ResultsDirectory>\r\n        </Configuration>\r\n      </DataCollector>\r\n    </DataCollectors>\r\n  </DataCollectionRunSettings>\r\n</RunSettings>","TestExecutionContext":{"FrequencyOfRunStatsChangeEvent":10,"RunStatsChangeEventTimeout":"00:00:01.5000000","InIsolation":false,"KeepAlive":false,"AreTestCaseLevelEventsRequired":false,"IsDebug":false,"TestCaseFilter":null,"FilterOptions":null},"Package":null}}
TpTrace Verbose: 0 : 18896, 14, 2022/04/13, 09:18:35.480, 758486641387, vstest.console.dll, TestRunRequest:SendTestRunMessage: Starting.
TpTrace Information: 0 : 18896, 14, 2022/04/13, 09:18:35.480, 758486643009, vstest.console.dll, TestRunRequest:SendTestRunMessage: Completed.
TpTrace Verbose: 0 : 18896, 14, 2022/04/13, 09:18:35.481, 758486643560, vstest.console.dll, TcpClientExtensions.MessageLoopAsync: Polling on remoteEndPoint: 127.0.0.1:63716 localEndPoint: 127.0.0.1:63715
TpTrace Verbose: 0 : 18896, 14, 2022/04/13, 09:18:35.626, 758488098275, vstest.console.dll, TcpClientExtensions.MessageLoopAsync: NotifyDataAvailable remoteEndPoint: 127.0.0.1:63716 localEndPoint: 127.0.0.1:63715
TpTrace Verbose: 0 : 18896, 14, 2022/04/13, 09:18:35.626, 758488099381, vstest.console.dll, TestRequestSender.OnExecutionMessageReceived: Received message: {"Version":5,"MessageType":"TestSession.Message","Payload":{"MessageLevel":0,"Message":"[xUnit.net 00:00:00.00] xUnit.net VSTest Adapter v2.4.3+1b45f5407b (64-bit .NET 6.0.3)"}}
TpTrace Verbose: 0 : 18896, 14, 2022/04/13, 09:18:35.626, 758488101477, vstest.console.dll, TestRunRequest:SendTestRunMessage: Starting.
TpTrace Information: 0 : 18896, 14, 2022/04/13, 09:18:35.626, 758488101997, vstest.console.dll, TestRunRequest:SendTestRunMessage: Completed.
TpTrace Verbose: 0 : 18896, 14, 2022/04/13, 09:18:35.626, 758488102261, vstest.console.dll, TcpClientExtensions.MessageLoopAsync: Polling on remoteEndPoint: 127.0.0.1:63716 localEndPoint: 127.0.0.1:63715
TpTrace Verbose: 0 : 18896, 14, 2022/04/13, 09:18:36.435, 758496189197, vstest.console.dll, TcpClientExtensions.MessageLoopAsync: NotifyDataAvailable remoteEndPoint: 127.0.0.1:63716 localEndPoint: 127.0.0.1:63715
TpTrace Verbose: 0 : 18896, 14, 2022/04/13, 09:18:36.435, 758496190204, vstest.console.dll, TestRequestSender.OnExecutionMessageReceived: Received message: {"Version":5,"MessageType":"TestSession.Message","Payload":{"MessageLevel":0,"Message":"[xUnit.net 00:00:00.81]   Discovering: ApiCore.Tests"}}
TpTrace Verbose: 0 : 18896, 14, 2022/04/13, 09:18:36.435, 758496191607, vstest.console.dll, TestRunRequest:SendTestRunMessage: Starting.
TpTrace Information: 0 : 18896, 14, 2022/04/13, 09:18:36.435, 758496192042, vstest.console.dll, TestRunRequest:SendTestRunMessage: Completed.
TpTrace Verbose: 0 : 18896, 14, 2022/04/13, 09:18:36.435, 758496192281, vstest.console.dll, TcpClientExtensions.MessageLoopAsync: Polling on remoteEndPoint: 127.0.0.1:63716 localEndPoint: 127.0.0.1:63715
TpTrace Verbose: 0 : 18896, 14, 2022/04/13, 09:18:36.467, 758496506496, vstest.console.dll, TcpClientExtensions.MessageLoopAsync: NotifyDataAvailable remoteEndPoint: 127.0.0.1:63716 localEndPoint: 127.0.0.1:63715
TpTrace Verbose: 0 : 18896, 14, 2022/04/13, 09:18:36.467, 758496507481, vstest.console.dll, TestRequestSender.OnExecutionMessageReceived: Received message: {"Version":5,"MessageType":"TestSession.Message","Payload":{"MessageLevel":0,"Message":"[xUnit.net 00:00:00.84]   Discovered:  ApiCore.Tests"}}
TpTrace Verbose: 0 : 18896, 14, 2022/04/13, 09:18:36.467, 758496508694, vstest.console.dll, TestRunRequest:SendTestRunMessage: Starting.
TpTrace Information: 0 : 18896, 14, 2022/04/13, 09:18:36.467, 758496509123, vstest.console.dll, TestRunRequest:SendTestRunMessage: Completed.
TpTrace Verbose: 0 : 18896, 14, 2022/04/13, 09:18:36.467, 758496509378, vstest.console.dll, TcpClientExtensions.MessageLoopAsync: Polling on remoteEndPoint: 127.0.0.1:63716 localEndPoint: 127.0.0.1:63715
TpTrace Verbose: 0 : 18896, 14, 2022/04/13, 09:18:36.469, 758496526030, vstest.console.dll, TcpClientExtensions.MessageLoopAsync: NotifyDataAvailable remoteEndPoint: 127.0.0.1:63716 localEndPoint: 127.0.0.1:63715
TpTrace Verbose: 0 : 18896, 14, 2022/04/13, 09:18:36.469, 758496526748, vstest.console.dll, TestRequestSender.OnExecutionMessageReceived: Received message: {"Version":5,"MessageType":"TestSession.Message","Payload":{"MessageLevel":0,"Message":"[xUnit.net 00:00:00.85]   Starting:    ApiCore.Tests"}}
TpTrace Verbose: 0 : 18896, 14, 2022/04/13, 09:18:36.469, 758496528259, vstest.console.dll, TestRunRequest:SendTestRunMessage: Starting.
TpTrace Information: 0 : 18896, 14, 2022/04/13, 09:18:36.469, 758496528683, vstest.console.dll, TestRunRequest:SendTestRunMessage: Completed.
TpTrace Verbose: 0 : 18896, 14, 2022/04/13, 09:18:36.469, 758496528922, vstest.console.dll, TcpClientExtensions.MessageLoopAsync: Polling on remoteEndPoint: 127.0.0.1:63716 localEndPoint: 127.0.0.1:63715
TpTrace Verbose: 0 : 18896, 14, 2022/04/13, 09:18:37.083, 758502669485, vstest.console.dll, TcpClientExtensions.MessageLoopAsync: NotifyDataAvailable remoteEndPoint: 127.0.0.1:63716 localEndPoint: 127.0.0.1:63715
TpTrace Verbose: 0 : 18896, 14, 2022/04/13, 09:18:37.083, 758502670554, vstest.console.dll, TestRequestSender.OnExecutionMessageReceived: Received message: {"Version":5,"MessageType":"TestExecution.StatsChange","Payload":{"NewTestResults":[],"TestRunStatistics":{"ExecutedTests":0,"Stats":{}},"ActiveTests":[{"Id":"2322b960-b88f-3fc8-2a13-a4881504aa13","FullyQualifiedName":"ApiCore.Tests.PostTests.InsertPostTest","DisplayName":"InsertPost - RetornandoSucesso","ExecutorUri":"executor://xunit/VsTestRunner2/netcoreapp","Source":"C:\\projetos dotnet core 6\\ApiJwtBlogDotnetCore6\\ApiCore.Tests\\bin\\Debug\\net6.0\\fine-code-coverage\\build-output\\ApiCore.Tests.dll","CodeFilePath":null,"LineNumber":0,"Properties":[]}]}}
TpTrace Verbose: 0 : 18896, 14, 2022/04/13, 09:18:37.092, 758502755647, vstest.console.dll, TestRunRequest:SendTestRunStatsChange: Starting.
TpTrace Verbose: 0 : 18896, 14, 2022/04/13, 09:18:37.092, 758502756756, vstest.console.dll, InProgress is InsertPost - RetornandoSucesso
TpTrace Information: 0 : 18896, 14, 2022/04/13, 09:18:37.092, 758502757338, vstest.console.dll, TestRunRequest:SendTestRunStatsChange: Completed.
TpTrace Verbose: 0 : 18896, 14, 2022/04/13, 09:18:37.092, 758502757645, vstest.console.dll, TcpClientExtensions.MessageLoopAsync: Polling on remoteEndPoint: 127.0.0.1:63716 localEndPoint: 127.0.0.1:63715
TpTrace Verbose: 0 : 18896, 14, 2022/04/13, 09:18:37.148, 758503319015, vstest.console.dll, TcpClientExtensions.MessageLoopAsync: NotifyDataAvailable remoteEndPoint: 127.0.0.1:63716 localEndPoint: 127.0.0.1:63715
TpTrace Verbose: 0 : 18896, 14, 2022/04/13, 09:18:37.148, 758503320487, vstest.console.dll, TestRequestSender.OnExecutionMessageReceived: Received message: {"Version":5,"MessageType":"TestSession.Message","Payload":{"MessageLevel":0,"Message":"[xUnit.net 00:00:01.52]   Finished:    ApiCore.Tests"}}
TpTrace Verbose: 0 : 18896, 14, 2022/04/13, 09:18:37.148, 758503322056, vstest.console.dll, TestRunRequest:SendTestRunMessage: Starting.
TpTrace Information: 0 : 18896, 14, 2022/04/13, 09:18:37.148, 758503322582, vstest.console.dll, TestRunRequest:SendTestRunMessage: Completed.
TpTrace Verbose: 0 : 18896, 14, 2022/04/13, 09:18:37.148, 758503322910, vstest.console.dll, TcpClientExtensions.MessageLoopAsync: Polling on remoteEndPoint: 127.0.0.1:63716 localEndPoint: 127.0.0.1:63715
TpTrace Verbose: 0 : 18896, 14, 2022/04/13, 09:18:37.168, 758503515740, vstest.console.dll, TcpClientExtensions.MessageLoopAsync: NotifyDataAvailable remoteEndPoint: 127.0.0.1:63716 localEndPoint: 127.0.0.1:63715
TpTrace Verbose: 0 : 18896, 14, 2022/04/13, 09:18:37.168, 758503517071, vstest.console.dll, TestRequestSender.OnExecutionMessageReceived: Received message: {"Version":5,"MessageType":"TestExecution.Completed","Payload":{"TestRunCompleteArgs":{"TestRunStatistics":{"ExecutedTests":2,"Stats":{"Passed":2}},"IsCanceled":false,"IsAborted":false,"Error":null,"AttachmentSets":[],"ElapsedTimeInRunningTests":"00:00:01.5390853","Metrics":{}},"LastRunTests":{"NewTestResults":[{"TestCase":{"Id":"2322b960-b88f-3fc8-2a13-a4881504aa13","FullyQualifiedName":"ApiCore.Tests.PostTests.InsertPostTest","DisplayName":"InsertPost - RetornandoSucesso","ExecutorUri":"executor://xunit/VsTestRunner2/netcoreapp","Source":"C:\\projetos dotnet core 6\\ApiJwtBlogDotnetCore6\\ApiCore.Tests\\bin\\Debug\\net6.0\\fine-code-coverage\\build-output\\ApiCore.Tests.dll","CodeFilePath":null,"LineNumber":0,"Properties":[]},"Attachments":[],"Outcome":1,"ErrorMessage":null,"ErrorStackTrace":null,"DisplayName":"InsertPost - RetornandoSucesso","Messages":[],"ComputerName":"3CSPP000299N","Duration":"00:00:00.5073360","StartTime":"2022-04-13T12:18:37.1308071+00:00","EndTime":"2022-04-13T12:18:37.1308276+00:00","Properties":[]},{"TestCase":{"Id":"a575d699-fe10-89e5-28a0-ec384ec13b04","FullyQualifiedName":"ApiCore.Tests.PostTests.TesteSoma","DisplayName":"TesteSoma - RetornandoSucesso","ExecutorUri":"executor://xunit/VsTestRunner2/netcoreapp","Source":"C:\\projetos dotnet core 6\\ApiJwtBlogDotnetCore6\\ApiCore.Tests\\bin\\Debug\\net6.0\\fine-code-coverage\\build-output\\ApiCore.Tests.dll","CodeFilePath":null,"LineNumber":0,"Properties":[]},"Attachments":[],"Outcome":1,"ErrorMessage":null,"ErrorStackTrace":null,"DisplayName":"TesteSoma - RetornandoSucesso","Messages":[],"ComputerName":"3CSPP000299N","Duration":"00:00:00.0032031","StartTime":"2022-04-13T12:18:37.1464469+00:00","EndTime":"2022-04-13T12:18:37.146447+00:00","Properties":[]}],"TestRunStatistics":{"ExecutedTests":2,"Stats":{"Passed":2}},"ActiveTests":[]},"RunAttachments":[],"ExecutorUris":["executor://xunit/VsTestRunner2/netcoreapp"]}}
TpTrace Verbose: 0 : 18896, 14, 2022/04/13, 09:18:37.169, 758503530363, vstest.console.dll, TestRequestSender.EndSession: Sending end session.
TpTrace Verbose: 0 : 18896, 14, 2022/04/13, 09:18:37.169, 758503531532, vstest.console.dll, ProxyOperationManager.Close: waiting for test host to exit for 100 ms
TpTrace Warning: 0 : 18896, 13, 2022/04/13, 09:18:37.194, 758503776145, vstest.console.dll, TestHostManagerCallbacks.ErrorReceivedCallback Test host standard error line: 
TpTrace Verbose: 0 : 18896, 8, 2022/04/13, 09:18:37.207, 758503907342, vstest.console.dll, TestHostProvider.ExitCallBack: Host exited starting callback.
TpTrace Information: 0 : 18896, 8, 2022/04/13, 09:18:37.207, 758503912127, vstest.console.dll, TestHostManagerCallbacks.ExitCallBack: Testhost processId: 14768 exited with exitcode: 0 error: ''
TpTrace Verbose: 0 : 18896, 8, 2022/04/13, 09:18:37.207, 758503912574, vstest.console.dll, DotnetTestHostManager.OnHostExited: invoking OnHostExited callback
TpTrace Verbose: 0 : 18896, 8, 2022/04/13, 09:18:37.207, 758503912955, vstest.console.dll, CrossPlatEngine.TestHostManagerHostExited: calling on client process exit callback.
TpTrace Information: 0 : 18896, 8, 2022/04/13, 09:18:37.207, 758503913369, vstest.console.dll, TestRequestSender.OnClientProcessExit: Test host process exited. Standard error: 
TpTrace Information: 0 : 18896, 8, 2022/04/13, 09:18:37.208, 758503913780, vstest.console.dll, SocketServer.Stop: Stop server endPoint: 127.0.0.1:63715
TpTrace Information: 0 : 18896, 8, 2022/04/13, 09:18:37.208, 758503913964, vstest.console.dll, SocketServer.Stop: Cancellation requested. Stopping message loop.
TpTrace Information: 0 : 18896, 14, 2022/04/13, 09:18:37.208, 758503914032, vstest.console.dll, SocketServer.Stop: Stop server endPoint: 127.0.0.1:63715
TpTrace Information: 0 : 18896, 14, 2022/04/13, 09:18:37.208, 758503914523, vstest.console.dll, SocketServer.Stop: Cancellation requested. Stopping message loop.
TpTrace Information: 0 : 18896, 14, 2022/04/13, 09:18:37.208, 758503914842, vstest.console.dll, Closing the connection
TpTrace Warning: 0 : 18896, 14, 2022/04/13, 09:18:37.208, 758503915113, vstest.console.dll, ProxyOperationManager: Timed out waiting for test host to exit. Will terminate process.
TpTrace Verbose: 0 : 18896, 14, 2022/04/13, 09:18:37.208, 758503917992, vstest.console.dll, ProxyDataCollectionManager.InvokeDataCollectionServiceAction: Starting.
TpTrace Information: 0 : 18896, 14, 2022/04/13, 09:18:37.208, 758503918334, vstest.console.dll, ProxyDataCollectionManager.AfterTestRunEnd: Get attachment set for datacollector processId: 14956 port: 63712
TpTrace Verbose: 0 : 18896, 14, 2022/04/13, 09:18:37.208, 758503918742, vstest.console.dll, DataCollectionRequestSender.SendAfterTestRunStartAndGetResult : Send AfterTestRunEnd message with isCancelled: False
TpTrace Verbose: 0 : 18896, 14, 2022/04/13, 09:18:37.211, 758503947228, vstest.console.dll, DataCollectionRequestSender.SendAfterTestRunStartAndGetResult : Received message: (DataCollection.AfterTestRunEndResult) -> {
  "AttachmentSets": [],
  "Metrics": {}
}
TpTrace Information: 0 : 18896, 14, 2022/04/13, 09:18:37.214, 758503980675, vstest.console.dll, ProxyDataCollectionManager.InvokeDataCollectionServiceAction: Completed.
TpTrace Warning: 0 : 18896, 10, 2022/04/13, 09:18:37.216, 758504002128, vstest.console.dll, DataCollectionLauncher.ErrorReceivedCallback datacollector standard error line: 
TpTrace Information: 0 : 18896, 8, 2022/04/13, 09:18:37.222, 758504055440, vstest.console.dll, DataCollectionLauncher.ExitCallBack: Data collector exited with exitcode: 0 error: ''
TpTrace Verbose: 0 : 18896, 14, 2022/04/13, 09:18:37.243, 758504271969, vstest.console.dll, TestRunRequest:SendTestRunStatsChange: Starting.
TpTrace Information: 0 : 18896, 14, 2022/04/13, 09:18:37.244, 758504273678, vstest.console.dll, TestRunRequest:SendTestRunStatsChange: Completed.
TpTrace Verbose: 0 : 18896, 14, 2022/04/13, 09:18:37.244, 758504275053, vstest.console.dll, ParallelProxyExecutionManager: HandlePartialRunComplete: Total completed clients = 1, Run complete = True, Run canceled: False.
TpTrace Verbose: 0 : 18896, 14, 2022/04/13, 09:18:37.258, 758504419202, vstest.console.dll, TestRunRequest:TestRunComplete: Starting. IsAborted:False IsCanceled:False.
TpTrace Verbose: 0 : 18896, 14, 2022/04/13, 09:18:37.258, 758504420616, vstest.console.dll, TestLoggerManager.HandleTestRunComplete: Ignoring as the object is disposed.
TpTrace Information: 0 : 18896, 14, 2022/04/13, 09:18:37.258, 758504422442, vstest.console.dll, TestRunRequest:TestRunComplete: Completed.
TpTrace Verbose: 0 : 18896, 14, 2022/04/13, 09:18:37.258, 758504422801, vstest.console.dll, TestRequestSender.SetOperationComplete: Setting operation complete.
TpTrace Information: 0 : 18896, 14, 2022/04/13, 09:18:37.258, 758504423008, vstest.console.dll, SocketServer.Stop: Stop server endPoint: 127.0.0.1:63715
TpTrace Verbose: 0 : 18896, 1, 2022/04/13, 09:18:37.258, 758504423073, vstest.console.dll, TestRunRequest.Dispose: Starting.
TpTrace Information: 0 : 18896, 1, 2022/04/13, 09:18:37.259, 758504423660, vstest.console.dll, TestRunRequest.Dispose: Completed.
TpTrace Information: 0 : 18896, 14, 2022/04/13, 09:18:37.258, 758504423179, vstest.console.dll, SocketServer.Stop: Cancellation requested. Stopping message loop.
TpTrace Information: 0 : 18896, 14, 2022/04/13, 09:18:37.259, 758504424463, vstest.console.dll, SocketServer.PrivateStop: Stopping server endPoint: 127.0.0.1:63715 error: 
TpTrace Information: 0 : 18896, 1, 2022/04/13, 09:18:37.259, 758504423967, vstest.console.dll, TestRequestManager.RunTests: run tests completed.
TpTrace Information: 0 : 18896, 1, 2022/04/13, 09:18:37.259, 758504425503, vstest.console.dll, RunTestsArgumentProcessor:Execute: Test run is completed.
TpTrace Verbose: 0 : 18896, 1, 2022/04/13, 09:18:37.259, 758504426969, vstest.console.dll, Executor.Execute: Exiting with exit code of 0
TpTrace Verbose: 0 : 18896, 14, 2022/04/13, 09:18:37.259, 758504428000, vstest.console.dll, LengthPrefixCommunicationChannel.Dispose: Dispose reader and writer.
TpTrace Information: 0 : 18896, 14, 2022/04/13, 09:18:37.259, 758504428549, vstest.console.dll, SocketServer.Stop: Raise disconnected event endPoint: 127.0.0.1:63715 error: 
TpTrace Verbose: 0 : 18896, 14, 2022/04/13, 09:18:37.259, 758504428970, vstest.console.dll, TestRequestSender: OnTestRunAbort: Operation is already complete. Skip error message.
TpTrace Verbose: 0 : 18896, 14, 2022/04/13, 09:18:37.259, 758504429205, vstest.console.dll, TcpClientExtensions.MessageLoopAsync: exiting MessageLoopAsync remoteEndPoint: 127.0.0.1:63716 localEndPoint: 127.0.0.1:63715
